ARM GAS  C:\Users\PHYSLA~1\AppData\Local\Temp\ccwFgYbG.s 			page 1


   1              		.syntax unified
   2              		.cpu cortex-m0
   3              		.fpu softvfp
   4              		.eabi_attribute 20, 1
   5              		.eabi_attribute 21, 1
   6              		.eabi_attribute 23, 3
   7              		.eabi_attribute 24, 1
   8              		.eabi_attribute 25, 1
   9              		.eabi_attribute 26, 1
  10              		.eabi_attribute 30, 1
  11              		.eabi_attribute 34, 0
  12              		.eabi_attribute 18, 4
  13              		.thumb
  14              		.syntax unified
  15              		.file	"start_pulse_PM.c"
  16              		.text
  17              	.Ltext0:
  18              		.cfi_sections	.debug_frame
  19              		.section	.text.start_pulse_SaveConfig,"ax",%progbits
  20              		.align	2
  21              		.global	start_pulse_SaveConfig
  22              		.code	16
  23              		.thumb_func
  24              		.type	start_pulse_SaveConfig, %function
  25              	start_pulse_SaveConfig:
  26              	.LFB0:
  27              		.file 1 "Generated_Source\\PSoC4\\start_pulse_PM.c"
   1:Generated_Source\PSoC4/start_pulse_PM.c **** /*******************************************************************************
   2:Generated_Source\PSoC4/start_pulse_PM.c **** * File Name: start_pulse_PM.c
   3:Generated_Source\PSoC4/start_pulse_PM.c **** * Version 3.30
   4:Generated_Source\PSoC4/start_pulse_PM.c **** *
   5:Generated_Source\PSoC4/start_pulse_PM.c **** * Description:
   6:Generated_Source\PSoC4/start_pulse_PM.c **** *  This file provides the power management source code to API for the
   7:Generated_Source\PSoC4/start_pulse_PM.c **** *  PWM.
   8:Generated_Source\PSoC4/start_pulse_PM.c **** *
   9:Generated_Source\PSoC4/start_pulse_PM.c **** * Note:
  10:Generated_Source\PSoC4/start_pulse_PM.c **** *
  11:Generated_Source\PSoC4/start_pulse_PM.c **** ********************************************************************************
  12:Generated_Source\PSoC4/start_pulse_PM.c **** * Copyright 2008-2014, Cypress Semiconductor Corporation.  All rights reserved.
  13:Generated_Source\PSoC4/start_pulse_PM.c **** * You may use this file only in accordance with the license, terms, conditions,
  14:Generated_Source\PSoC4/start_pulse_PM.c **** * disclaimers, and limitations in the end user license agreement accompanying
  15:Generated_Source\PSoC4/start_pulse_PM.c **** * the software package with which this file was provided.
  16:Generated_Source\PSoC4/start_pulse_PM.c **** *******************************************************************************/
  17:Generated_Source\PSoC4/start_pulse_PM.c **** 
  18:Generated_Source\PSoC4/start_pulse_PM.c **** #include "start_pulse.h"
  19:Generated_Source\PSoC4/start_pulse_PM.c **** 
  20:Generated_Source\PSoC4/start_pulse_PM.c **** static start_pulse_backupStruct start_pulse_backup;
  21:Generated_Source\PSoC4/start_pulse_PM.c **** 
  22:Generated_Source\PSoC4/start_pulse_PM.c **** 
  23:Generated_Source\PSoC4/start_pulse_PM.c **** /*******************************************************************************
  24:Generated_Source\PSoC4/start_pulse_PM.c **** * Function Name: start_pulse_SaveConfig
  25:Generated_Source\PSoC4/start_pulse_PM.c **** ********************************************************************************
  26:Generated_Source\PSoC4/start_pulse_PM.c **** *
  27:Generated_Source\PSoC4/start_pulse_PM.c **** * Summary:
  28:Generated_Source\PSoC4/start_pulse_PM.c **** *  Saves the current user configuration of the component.
  29:Generated_Source\PSoC4/start_pulse_PM.c **** *
  30:Generated_Source\PSoC4/start_pulse_PM.c **** * Parameters:
ARM GAS  C:\Users\PHYSLA~1\AppData\Local\Temp\ccwFgYbG.s 			page 2


  31:Generated_Source\PSoC4/start_pulse_PM.c **** *  None
  32:Generated_Source\PSoC4/start_pulse_PM.c **** *
  33:Generated_Source\PSoC4/start_pulse_PM.c **** * Return:
  34:Generated_Source\PSoC4/start_pulse_PM.c **** *  None
  35:Generated_Source\PSoC4/start_pulse_PM.c **** *
  36:Generated_Source\PSoC4/start_pulse_PM.c **** * Global variables:
  37:Generated_Source\PSoC4/start_pulse_PM.c **** *  start_pulse_backup:  Variables of this global structure are modified to
  38:Generated_Source\PSoC4/start_pulse_PM.c **** *  store the values of non retention configuration registers when Sleep() API is
  39:Generated_Source\PSoC4/start_pulse_PM.c **** *  called.
  40:Generated_Source\PSoC4/start_pulse_PM.c **** *
  41:Generated_Source\PSoC4/start_pulse_PM.c **** *******************************************************************************/
  42:Generated_Source\PSoC4/start_pulse_PM.c **** void start_pulse_SaveConfig(void) 
  43:Generated_Source\PSoC4/start_pulse_PM.c **** {
  28              		.loc 1 43 0
  29              		.cfi_startproc
  30              		@ args = 0, pretend = 0, frame = 0
  31              		@ frame_needed = 0, uses_anonymous_args = 0
  32 0000 10B5     		push	{r4, lr}
  33              		.cfi_def_cfa_offset 8
  34              		.cfi_offset 4, -8
  35              		.cfi_offset 14, -4
  44:Generated_Source\PSoC4/start_pulse_PM.c **** 
  45:Generated_Source\PSoC4/start_pulse_PM.c ****     #if(!start_pulse_UsingFixedFunction)
  46:Generated_Source\PSoC4/start_pulse_PM.c ****         #if(!start_pulse_PWMModeIsCenterAligned)
  47:Generated_Source\PSoC4/start_pulse_PM.c ****             start_pulse_backup.PWMPeriod = start_pulse_ReadPeriod();
  36              		.loc 1 47 0
  37 0002 FFF7FEFF 		bl	start_pulse_ReadPeriod
  38              	.LVL0:
  39 0006 044C     		ldr	r4, .L2
  40 0008 A080     		strh	r0, [r4, #4]
  48:Generated_Source\PSoC4/start_pulse_PM.c ****         #endif /* (!start_pulse_PWMModeIsCenterAligned) */
  49:Generated_Source\PSoC4/start_pulse_PM.c ****         start_pulse_backup.PWMUdb = start_pulse_ReadCounter();
  41              		.loc 1 49 0
  42 000a FFF7FEFF 		bl	start_pulse_ReadCounter
  43              	.LVL1:
  44 000e 6080     		strh	r0, [r4, #2]
  50:Generated_Source\PSoC4/start_pulse_PM.c ****         #if (start_pulse_UseStatus)
  51:Generated_Source\PSoC4/start_pulse_PM.c ****             start_pulse_backup.InterruptMaskValue = start_pulse_STATUS_MASK;
  45              		.loc 1 51 0
  46 0010 024B     		ldr	r3, .L2+4
  47 0012 1B78     		ldrb	r3, [r3]
  48 0014 A371     		strb	r3, [r4, #6]
  52:Generated_Source\PSoC4/start_pulse_PM.c ****         #endif /* (start_pulse_UseStatus) */
  53:Generated_Source\PSoC4/start_pulse_PM.c **** 
  54:Generated_Source\PSoC4/start_pulse_PM.c ****         #if(start_pulse_DeadBandMode == start_pulse__B_PWM__DBM_256_CLOCKS || \
  55:Generated_Source\PSoC4/start_pulse_PM.c ****             start_pulse_DeadBandMode == start_pulse__B_PWM__DBM_2_4_CLOCKS)
  56:Generated_Source\PSoC4/start_pulse_PM.c ****             start_pulse_backup.PWMdeadBandValue = start_pulse_ReadDeadTime();
  57:Generated_Source\PSoC4/start_pulse_PM.c ****         #endif /*  deadband count is either 2-4 clocks or 256 clocks */
  58:Generated_Source\PSoC4/start_pulse_PM.c **** 
  59:Generated_Source\PSoC4/start_pulse_PM.c ****         #if(start_pulse_KillModeMinTime)
  60:Generated_Source\PSoC4/start_pulse_PM.c ****              start_pulse_backup.PWMKillCounterPeriod = start_pulse_ReadKillTime();
  61:Generated_Source\PSoC4/start_pulse_PM.c ****         #endif /* (start_pulse_KillModeMinTime) */
  62:Generated_Source\PSoC4/start_pulse_PM.c **** 
  63:Generated_Source\PSoC4/start_pulse_PM.c ****         #if(start_pulse_UseControl)
  64:Generated_Source\PSoC4/start_pulse_PM.c ****             start_pulse_backup.PWMControlRegister = start_pulse_ReadControlRegister();
  65:Generated_Source\PSoC4/start_pulse_PM.c ****         #endif /* (start_pulse_UseControl) */
  66:Generated_Source\PSoC4/start_pulse_PM.c ****     #endif  /* (!start_pulse_UsingFixedFunction) */
ARM GAS  C:\Users\PHYSLA~1\AppData\Local\Temp\ccwFgYbG.s 			page 3


  67:Generated_Source\PSoC4/start_pulse_PM.c **** }
  49              		.loc 1 67 0
  50              		@ sp needed
  51 0016 10BD     		pop	{r4, pc}
  52              	.L3:
  53              		.align	2
  54              	.L2:
  55 0018 00000000 		.word	.LANCHOR0
  56 001c 81000F40 		.word	1074724993
  57              		.cfi_endproc
  58              	.LFE0:
  59              		.size	start_pulse_SaveConfig, .-start_pulse_SaveConfig
  60              		.section	.text.start_pulse_RestoreConfig,"ax",%progbits
  61              		.align	2
  62              		.global	start_pulse_RestoreConfig
  63              		.code	16
  64              		.thumb_func
  65              		.type	start_pulse_RestoreConfig, %function
  66              	start_pulse_RestoreConfig:
  67              	.LFB1:
  68:Generated_Source\PSoC4/start_pulse_PM.c **** 
  69:Generated_Source\PSoC4/start_pulse_PM.c **** 
  70:Generated_Source\PSoC4/start_pulse_PM.c **** /*******************************************************************************
  71:Generated_Source\PSoC4/start_pulse_PM.c **** * Function Name: start_pulse_RestoreConfig
  72:Generated_Source\PSoC4/start_pulse_PM.c **** ********************************************************************************
  73:Generated_Source\PSoC4/start_pulse_PM.c **** *
  74:Generated_Source\PSoC4/start_pulse_PM.c **** * Summary:
  75:Generated_Source\PSoC4/start_pulse_PM.c **** *  Restores the current user configuration of the component.
  76:Generated_Source\PSoC4/start_pulse_PM.c **** *
  77:Generated_Source\PSoC4/start_pulse_PM.c **** * Parameters:
  78:Generated_Source\PSoC4/start_pulse_PM.c **** *  None
  79:Generated_Source\PSoC4/start_pulse_PM.c **** *
  80:Generated_Source\PSoC4/start_pulse_PM.c **** * Return:
  81:Generated_Source\PSoC4/start_pulse_PM.c **** *  None
  82:Generated_Source\PSoC4/start_pulse_PM.c **** *
  83:Generated_Source\PSoC4/start_pulse_PM.c **** * Global variables:
  84:Generated_Source\PSoC4/start_pulse_PM.c **** *  start_pulse_backup:  Variables of this global structure are used to
  85:Generated_Source\PSoC4/start_pulse_PM.c **** *  restore the values of non retention registers on wakeup from sleep mode.
  86:Generated_Source\PSoC4/start_pulse_PM.c **** *
  87:Generated_Source\PSoC4/start_pulse_PM.c **** *******************************************************************************/
  88:Generated_Source\PSoC4/start_pulse_PM.c **** void start_pulse_RestoreConfig(void) 
  89:Generated_Source\PSoC4/start_pulse_PM.c **** {
  68              		.loc 1 89 0
  69              		.cfi_startproc
  70              		@ args = 0, pretend = 0, frame = 0
  71              		@ frame_needed = 0, uses_anonymous_args = 0
  72 0000 10B5     		push	{r4, lr}
  73              		.cfi_def_cfa_offset 8
  74              		.cfi_offset 4, -8
  75              		.cfi_offset 14, -4
  90:Generated_Source\PSoC4/start_pulse_PM.c ****         #if(!start_pulse_UsingFixedFunction)
  91:Generated_Source\PSoC4/start_pulse_PM.c ****             #if(!start_pulse_PWMModeIsCenterAligned)
  92:Generated_Source\PSoC4/start_pulse_PM.c ****                 start_pulse_WritePeriod(start_pulse_backup.PWMPeriod);
  76              		.loc 1 92 0
  77 0002 054C     		ldr	r4, .L5
  78 0004 A088     		ldrh	r0, [r4, #4]
  79 0006 FFF7FEFF 		bl	start_pulse_WritePeriod
ARM GAS  C:\Users\PHYSLA~1\AppData\Local\Temp\ccwFgYbG.s 			page 4


  80              	.LVL2:
  93:Generated_Source\PSoC4/start_pulse_PM.c ****             #endif /* (!start_pulse_PWMModeIsCenterAligned) */
  94:Generated_Source\PSoC4/start_pulse_PM.c **** 
  95:Generated_Source\PSoC4/start_pulse_PM.c ****             start_pulse_WriteCounter(start_pulse_backup.PWMUdb);
  81              		.loc 1 95 0
  82 000a 6088     		ldrh	r0, [r4, #2]
  83 000c FFF7FEFF 		bl	start_pulse_WriteCounter
  84              	.LVL3:
  96:Generated_Source\PSoC4/start_pulse_PM.c **** 
  97:Generated_Source\PSoC4/start_pulse_PM.c ****             #if (start_pulse_UseStatus)
  98:Generated_Source\PSoC4/start_pulse_PM.c ****                 start_pulse_STATUS_MASK = start_pulse_backup.InterruptMaskValue;
  85              		.loc 1 98 0
  86 0010 A279     		ldrb	r2, [r4, #6]
  87 0012 024B     		ldr	r3, .L5+4
  88 0014 1A70     		strb	r2, [r3]
  99:Generated_Source\PSoC4/start_pulse_PM.c ****             #endif /* (start_pulse_UseStatus) */
 100:Generated_Source\PSoC4/start_pulse_PM.c **** 
 101:Generated_Source\PSoC4/start_pulse_PM.c ****             #if(start_pulse_DeadBandMode == start_pulse__B_PWM__DBM_256_CLOCKS || \
 102:Generated_Source\PSoC4/start_pulse_PM.c ****                 start_pulse_DeadBandMode == start_pulse__B_PWM__DBM_2_4_CLOCKS)
 103:Generated_Source\PSoC4/start_pulse_PM.c ****                 start_pulse_WriteDeadTime(start_pulse_backup.PWMdeadBandValue);
 104:Generated_Source\PSoC4/start_pulse_PM.c ****             #endif /* deadband count is either 2-4 clocks or 256 clocks */
 105:Generated_Source\PSoC4/start_pulse_PM.c **** 
 106:Generated_Source\PSoC4/start_pulse_PM.c ****             #if(start_pulse_KillModeMinTime)
 107:Generated_Source\PSoC4/start_pulse_PM.c ****                 start_pulse_WriteKillTime(start_pulse_backup.PWMKillCounterPeriod);
 108:Generated_Source\PSoC4/start_pulse_PM.c ****             #endif /* (start_pulse_KillModeMinTime) */
 109:Generated_Source\PSoC4/start_pulse_PM.c **** 
 110:Generated_Source\PSoC4/start_pulse_PM.c ****             #if(start_pulse_UseControl)
 111:Generated_Source\PSoC4/start_pulse_PM.c ****                 start_pulse_WriteControlRegister(start_pulse_backup.PWMControlRegister);
 112:Generated_Source\PSoC4/start_pulse_PM.c ****             #endif /* (start_pulse_UseControl) */
 113:Generated_Source\PSoC4/start_pulse_PM.c ****         #endif  /* (!start_pulse_UsingFixedFunction) */
 114:Generated_Source\PSoC4/start_pulse_PM.c ****     }
  89              		.loc 1 114 0
  90              		@ sp needed
  91 0016 10BD     		pop	{r4, pc}
  92              	.L6:
  93              		.align	2
  94              	.L5:
  95 0018 00000000 		.word	.LANCHOR0
  96 001c 81000F40 		.word	1074724993
  97              		.cfi_endproc
  98              	.LFE1:
  99              		.size	start_pulse_RestoreConfig, .-start_pulse_RestoreConfig
 100              		.section	.text.start_pulse_Sleep,"ax",%progbits
 101              		.align	2
 102              		.global	start_pulse_Sleep
 103              		.code	16
 104              		.thumb_func
 105              		.type	start_pulse_Sleep, %function
 106              	start_pulse_Sleep:
 107              	.LFB2:
 115:Generated_Source\PSoC4/start_pulse_PM.c **** 
 116:Generated_Source\PSoC4/start_pulse_PM.c **** 
 117:Generated_Source\PSoC4/start_pulse_PM.c **** /*******************************************************************************
 118:Generated_Source\PSoC4/start_pulse_PM.c **** * Function Name: start_pulse_Sleep
 119:Generated_Source\PSoC4/start_pulse_PM.c **** ********************************************************************************
 120:Generated_Source\PSoC4/start_pulse_PM.c **** *
 121:Generated_Source\PSoC4/start_pulse_PM.c **** * Summary:
ARM GAS  C:\Users\PHYSLA~1\AppData\Local\Temp\ccwFgYbG.s 			page 5


 122:Generated_Source\PSoC4/start_pulse_PM.c **** *  Disables block's operation and saves the user configuration. Should be called
 123:Generated_Source\PSoC4/start_pulse_PM.c **** *  just prior to entering sleep.
 124:Generated_Source\PSoC4/start_pulse_PM.c **** *
 125:Generated_Source\PSoC4/start_pulse_PM.c **** * Parameters:
 126:Generated_Source\PSoC4/start_pulse_PM.c **** *  None
 127:Generated_Source\PSoC4/start_pulse_PM.c **** *
 128:Generated_Source\PSoC4/start_pulse_PM.c **** * Return:
 129:Generated_Source\PSoC4/start_pulse_PM.c **** *  None
 130:Generated_Source\PSoC4/start_pulse_PM.c **** *
 131:Generated_Source\PSoC4/start_pulse_PM.c **** * Global variables:
 132:Generated_Source\PSoC4/start_pulse_PM.c **** *  start_pulse_backup.PWMEnableState:  Is modified depending on the enable
 133:Generated_Source\PSoC4/start_pulse_PM.c **** *  state of the block before entering sleep mode.
 134:Generated_Source\PSoC4/start_pulse_PM.c **** *
 135:Generated_Source\PSoC4/start_pulse_PM.c **** *******************************************************************************/
 136:Generated_Source\PSoC4/start_pulse_PM.c **** void start_pulse_Sleep(void) 
 137:Generated_Source\PSoC4/start_pulse_PM.c **** {
 108              		.loc 1 137 0
 109              		.cfi_startproc
 110              		@ args = 0, pretend = 0, frame = 0
 111              		@ frame_needed = 0, uses_anonymous_args = 0
 112 0000 10B5     		push	{r4, lr}
 113              		.cfi_def_cfa_offset 8
 114              		.cfi_offset 4, -8
 115              		.cfi_offset 14, -4
 138:Generated_Source\PSoC4/start_pulse_PM.c ****     #if(start_pulse_UseControl)
 139:Generated_Source\PSoC4/start_pulse_PM.c ****         if(start_pulse_CTRL_ENABLE == (start_pulse_CONTROL & start_pulse_CTRL_ENABLE))
 140:Generated_Source\PSoC4/start_pulse_PM.c ****         {
 141:Generated_Source\PSoC4/start_pulse_PM.c ****             /*Component is enabled */
 142:Generated_Source\PSoC4/start_pulse_PM.c ****             start_pulse_backup.PWMEnableState = 1u;
 143:Generated_Source\PSoC4/start_pulse_PM.c ****         }
 144:Generated_Source\PSoC4/start_pulse_PM.c ****         else
 145:Generated_Source\PSoC4/start_pulse_PM.c ****         {
 146:Generated_Source\PSoC4/start_pulse_PM.c ****             /* Component is disabled */
 147:Generated_Source\PSoC4/start_pulse_PM.c ****             start_pulse_backup.PWMEnableState = 0u;
 148:Generated_Source\PSoC4/start_pulse_PM.c ****         }
 149:Generated_Source\PSoC4/start_pulse_PM.c ****     #endif /* (start_pulse_UseControl) */
 150:Generated_Source\PSoC4/start_pulse_PM.c **** 
 151:Generated_Source\PSoC4/start_pulse_PM.c ****     /* Stop component */
 152:Generated_Source\PSoC4/start_pulse_PM.c ****     start_pulse_Stop();
 116              		.loc 1 152 0
 117 0002 FFF7FEFF 		bl	start_pulse_Stop
 118              	.LVL4:
 153:Generated_Source\PSoC4/start_pulse_PM.c **** 
 154:Generated_Source\PSoC4/start_pulse_PM.c ****     /* Save registers configuration */
 155:Generated_Source\PSoC4/start_pulse_PM.c ****     start_pulse_SaveConfig();
 119              		.loc 1 155 0
 120 0006 FFF7FEFF 		bl	start_pulse_SaveConfig
 121              	.LVL5:
 156:Generated_Source\PSoC4/start_pulse_PM.c **** }
 122              		.loc 1 156 0
 123              		@ sp needed
 124 000a 10BD     		pop	{r4, pc}
 125              		.cfi_endproc
 126              	.LFE2:
 127              		.size	start_pulse_Sleep, .-start_pulse_Sleep
 128              		.section	.text.start_pulse_Wakeup,"ax",%progbits
 129              		.align	2
ARM GAS  C:\Users\PHYSLA~1\AppData\Local\Temp\ccwFgYbG.s 			page 6


 130              		.global	start_pulse_Wakeup
 131              		.code	16
 132              		.thumb_func
 133              		.type	start_pulse_Wakeup, %function
 134              	start_pulse_Wakeup:
 135              	.LFB3:
 157:Generated_Source\PSoC4/start_pulse_PM.c **** 
 158:Generated_Source\PSoC4/start_pulse_PM.c **** 
 159:Generated_Source\PSoC4/start_pulse_PM.c **** /*******************************************************************************
 160:Generated_Source\PSoC4/start_pulse_PM.c **** * Function Name: start_pulse_Wakeup
 161:Generated_Source\PSoC4/start_pulse_PM.c **** ********************************************************************************
 162:Generated_Source\PSoC4/start_pulse_PM.c **** *
 163:Generated_Source\PSoC4/start_pulse_PM.c **** * Summary:
 164:Generated_Source\PSoC4/start_pulse_PM.c **** *  Restores and enables the user configuration. Should be called just after
 165:Generated_Source\PSoC4/start_pulse_PM.c **** *  awaking from sleep.
 166:Generated_Source\PSoC4/start_pulse_PM.c **** *
 167:Generated_Source\PSoC4/start_pulse_PM.c **** * Parameters:
 168:Generated_Source\PSoC4/start_pulse_PM.c **** *  None
 169:Generated_Source\PSoC4/start_pulse_PM.c **** *
 170:Generated_Source\PSoC4/start_pulse_PM.c **** * Return:
 171:Generated_Source\PSoC4/start_pulse_PM.c **** *  None
 172:Generated_Source\PSoC4/start_pulse_PM.c **** *
 173:Generated_Source\PSoC4/start_pulse_PM.c **** * Global variables:
 174:Generated_Source\PSoC4/start_pulse_PM.c **** *  start_pulse_backup.pwmEnable:  Is used to restore the enable state of
 175:Generated_Source\PSoC4/start_pulse_PM.c **** *  block on wakeup from sleep mode.
 176:Generated_Source\PSoC4/start_pulse_PM.c **** *
 177:Generated_Source\PSoC4/start_pulse_PM.c **** *******************************************************************************/
 178:Generated_Source\PSoC4/start_pulse_PM.c **** void start_pulse_Wakeup(void) 
 179:Generated_Source\PSoC4/start_pulse_PM.c **** {
 136              		.loc 1 179 0
 137              		.cfi_startproc
 138              		@ args = 0, pretend = 0, frame = 0
 139              		@ frame_needed = 0, uses_anonymous_args = 0
 140 0000 10B5     		push	{r4, lr}
 141              		.cfi_def_cfa_offset 8
 142              		.cfi_offset 4, -8
 143              		.cfi_offset 14, -4
 180:Generated_Source\PSoC4/start_pulse_PM.c ****      /* Restore registers values */
 181:Generated_Source\PSoC4/start_pulse_PM.c ****     start_pulse_RestoreConfig();
 144              		.loc 1 181 0
 145 0002 FFF7FEFF 		bl	start_pulse_RestoreConfig
 146              	.LVL6:
 182:Generated_Source\PSoC4/start_pulse_PM.c **** 
 183:Generated_Source\PSoC4/start_pulse_PM.c ****     if(start_pulse_backup.PWMEnableState != 0u)
 147              		.loc 1 183 0
 148 0006 034B     		ldr	r3, .L10
 149 0008 1B78     		ldrb	r3, [r3]
 150 000a 002B     		cmp	r3, #0
 151 000c 01D0     		beq	.L8
 184:Generated_Source\PSoC4/start_pulse_PM.c ****     {
 185:Generated_Source\PSoC4/start_pulse_PM.c ****         /* Enable component's operation */
 186:Generated_Source\PSoC4/start_pulse_PM.c ****         start_pulse_Enable();
 152              		.loc 1 186 0
 153 000e FFF7FEFF 		bl	start_pulse_Enable
 154              	.LVL7:
 155              	.L8:
 187:Generated_Source\PSoC4/start_pulse_PM.c ****     } /* Do nothing if component's block was disabled before */
ARM GAS  C:\Users\PHYSLA~1\AppData\Local\Temp\ccwFgYbG.s 			page 7


 188:Generated_Source\PSoC4/start_pulse_PM.c **** 
 189:Generated_Source\PSoC4/start_pulse_PM.c **** }
 156              		.loc 1 189 0
 157              		@ sp needed
 158 0012 10BD     		pop	{r4, pc}
 159              	.L11:
 160              		.align	2
 161              	.L10:
 162 0014 00000000 		.word	.LANCHOR0
 163              		.cfi_endproc
 164              	.LFE3:
 165              		.size	start_pulse_Wakeup, .-start_pulse_Wakeup
 166              		.bss
 167              		.align	2
 168              		.set	.LANCHOR0,. + 0
 169              		.type	start_pulse_backup, %object
 170              		.size	start_pulse_backup, 8
 171              	start_pulse_backup:
 172 0000 00000000 		.space	8
 172      00000000 
 173              		.text
 174              	.Letext0:
 175              		.file 2 "Generated_Source\\PSoC4\\cytypes.h"
 176              		.file 3 "Generated_Source\\PSoC4\\start_pulse.h"
 177              		.section	.debug_info,"",%progbits
 178              	.Ldebug_info0:
 179 0000 EB010000 		.4byte	0x1eb
 180 0004 0400     		.2byte	0x4
 181 0006 00000000 		.4byte	.Ldebug_abbrev0
 182 000a 04       		.byte	0x4
 183 000b 01       		.uleb128 0x1
 184 000c 7E010000 		.4byte	.LASF32
 185 0010 0C       		.byte	0xc
 186 0011 19010000 		.4byte	.LASF33
 187 0015 00000000 		.4byte	.LASF34
 188 0019 00000000 		.4byte	.Ldebug_ranges0+0
 189 001d 00000000 		.4byte	0
 190 0021 00000000 		.4byte	.Ldebug_line0
 191 0025 02       		.uleb128 0x2
 192 0026 01       		.byte	0x1
 193 0027 06       		.byte	0x6
 194 0028 8E020000 		.4byte	.LASF0
 195 002c 02       		.uleb128 0x2
 196 002d 01       		.byte	0x1
 197 002e 08       		.byte	0x8
 198 002f F1000000 		.4byte	.LASF1
 199 0033 02       		.uleb128 0x2
 200 0034 02       		.byte	0x2
 201 0035 05       		.byte	0x5
 202 0036 57020000 		.4byte	.LASF2
 203 003a 02       		.uleb128 0x2
 204 003b 02       		.byte	0x2
 205 003c 07       		.byte	0x7
 206 003d 3F000000 		.4byte	.LASF3
 207 0041 02       		.uleb128 0x2
 208 0042 04       		.byte	0x4
 209 0043 05       		.byte	0x5
ARM GAS  C:\Users\PHYSLA~1\AppData\Local\Temp\ccwFgYbG.s 			page 8


 210 0044 79020000 		.4byte	.LASF4
 211 0048 02       		.uleb128 0x2
 212 0049 04       		.byte	0x4
 213 004a 07       		.byte	0x7
 214 004b D9000000 		.4byte	.LASF5
 215 004f 02       		.uleb128 0x2
 216 0050 08       		.byte	0x8
 217 0051 05       		.byte	0x5
 218 0052 2B020000 		.4byte	.LASF6
 219 0056 02       		.uleb128 0x2
 220 0057 08       		.byte	0x8
 221 0058 07       		.byte	0x7
 222 0059 67010000 		.4byte	.LASF7
 223 005d 03       		.uleb128 0x3
 224 005e 04       		.byte	0x4
 225 005f 05       		.byte	0x5
 226 0060 696E7400 		.ascii	"int\000"
 227 0064 02       		.uleb128 0x2
 228 0065 04       		.byte	0x4
 229 0066 07       		.byte	0x7
 230 0067 5A010000 		.4byte	.LASF8
 231 006b 04       		.uleb128 0x4
 232 006c EB000000 		.4byte	.LASF9
 233 0070 02       		.byte	0x2
 234 0071 E401     		.2byte	0x1e4
 235 0073 2C000000 		.4byte	0x2c
 236 0077 04       		.uleb128 0x4
 237 0078 41010000 		.4byte	.LASF10
 238 007c 02       		.byte	0x2
 239 007d E501     		.2byte	0x1e5
 240 007f 3A000000 		.4byte	0x3a
 241 0083 02       		.uleb128 0x2
 242 0084 04       		.byte	0x4
 243 0085 04       		.byte	0x4
 244 0086 94000000 		.4byte	.LASF11
 245 008a 02       		.uleb128 0x2
 246 008b 08       		.byte	0x8
 247 008c 04       		.byte	0x4
 248 008d 12010000 		.4byte	.LASF12
 249 0091 02       		.uleb128 0x2
 250 0092 01       		.byte	0x1
 251 0093 08       		.byte	0x8
 252 0094 52020000 		.4byte	.LASF13
 253 0098 04       		.uleb128 0x4
 254 0099 0C020000 		.4byte	.LASF14
 255 009d 02       		.byte	0x2
 256 009e 8E02     		.2byte	0x28e
 257 00a0 A4000000 		.4byte	0xa4
 258 00a4 05       		.uleb128 0x5
 259 00a5 6B000000 		.4byte	0x6b
 260 00a9 02       		.uleb128 0x2
 261 00aa 08       		.byte	0x8
 262 00ab 04       		.byte	0x4
 263 00ac 82020000 		.4byte	.LASF15
 264 00b0 02       		.uleb128 0x2
 265 00b1 04       		.byte	0x4
 266 00b2 07       		.byte	0x7
ARM GAS  C:\Users\PHYSLA~1\AppData\Local\Temp\ccwFgYbG.s 			page 9


 267 00b3 22020000 		.4byte	.LASF16
 268 00b7 06       		.uleb128 0x6
 269 00b8 08       		.byte	0x8
 270 00b9 03       		.byte	0x3
 271 00ba 6B       		.byte	0x6b
 272 00bb F0000000 		.4byte	0xf0
 273 00bf 07       		.uleb128 0x7
 274 00c0 B3000000 		.4byte	.LASF17
 275 00c4 03       		.byte	0x3
 276 00c5 6E       		.byte	0x6e
 277 00c6 6B000000 		.4byte	0x6b
 278 00ca 00       		.byte	0
 279 00cb 07       		.uleb128 0x7
 280 00cc 2E000000 		.4byte	.LASF18
 281 00d0 03       		.byte	0x3
 282 00d1 71       		.byte	0x71
 283 00d2 77000000 		.4byte	0x77
 284 00d6 02       		.byte	0x2
 285 00d7 07       		.uleb128 0x7
 286 00d8 35000000 		.4byte	.LASF19
 287 00dc 03       		.byte	0x3
 288 00dd 73       		.byte	0x73
 289 00de 77000000 		.4byte	0x77
 290 00e2 04       		.byte	0x4
 291 00e3 07       		.uleb128 0x7
 292 00e4 B4020000 		.4byte	.LASF20
 293 00e8 03       		.byte	0x3
 294 00e9 76       		.byte	0x76
 295 00ea 6B000000 		.4byte	0x6b
 296 00ee 06       		.byte	0x6
 297 00ef 00       		.byte	0
 298 00f0 08       		.uleb128 0x8
 299 00f1 39020000 		.4byte	.LASF21
 300 00f5 03       		.byte	0x3
 301 00f6 8B       		.byte	0x8b
 302 00f7 B7000000 		.4byte	0xb7
 303 00fb 09       		.uleb128 0x9
 304 00fc 52000000 		.4byte	.LASF22
 305 0100 01       		.byte	0x1
 306 0101 2A       		.byte	0x2a
 307 0102 00000000 		.4byte	.LFB0
 308 0106 20000000 		.4byte	.LFE0-.LFB0
 309 010a 01       		.uleb128 0x1
 310 010b 9C       		.byte	0x9c
 311 010c 23010000 		.4byte	0x123
 312 0110 0A       		.uleb128 0xa
 313 0111 06000000 		.4byte	.LVL0
 314 0115 AC010000 		.4byte	0x1ac
 315 0119 0A       		.uleb128 0xa
 316 011a 0E000000 		.4byte	.LVL1
 317 011e B7010000 		.4byte	0x1b7
 318 0122 00       		.byte	0
 319 0123 09       		.uleb128 0x9
 320 0124 9A020000 		.4byte	.LASF23
 321 0128 01       		.byte	0x1
 322 0129 58       		.byte	0x58
 323 012a 00000000 		.4byte	.LFB1
ARM GAS  C:\Users\PHYSLA~1\AppData\Local\Temp\ccwFgYbG.s 			page 10


 324 012e 20000000 		.4byte	.LFE1-.LFB1
 325 0132 01       		.uleb128 0x1
 326 0133 9C       		.byte	0x9c
 327 0134 4B010000 		.4byte	0x14b
 328 0138 0A       		.uleb128 0xa
 329 0139 0A000000 		.4byte	.LVL2
 330 013d C2010000 		.4byte	0x1c2
 331 0141 0A       		.uleb128 0xa
 332 0142 10000000 		.4byte	.LVL3
 333 0146 CD010000 		.4byte	0x1cd
 334 014a 00       		.byte	0
 335 014b 09       		.uleb128 0x9
 336 014c 48010000 		.4byte	.LASF24
 337 0150 01       		.byte	0x1
 338 0151 88       		.byte	0x88
 339 0152 00000000 		.4byte	.LFB2
 340 0156 0C000000 		.4byte	.LFE2-.LFB2
 341 015a 01       		.uleb128 0x1
 342 015b 9C       		.byte	0x9c
 343 015c 73010000 		.4byte	0x173
 344 0160 0A       		.uleb128 0xa
 345 0161 06000000 		.4byte	.LVL4
 346 0165 D8010000 		.4byte	0x1d8
 347 0169 0A       		.uleb128 0xa
 348 016a 0A000000 		.4byte	.LVL5
 349 016e FB000000 		.4byte	0xfb
 350 0172 00       		.byte	0
 351 0173 09       		.uleb128 0x9
 352 0174 FF000000 		.4byte	.LASF25
 353 0178 01       		.byte	0x1
 354 0179 B2       		.byte	0xb2
 355 017a 00000000 		.4byte	.LFB3
 356 017e 18000000 		.4byte	.LFE3-.LFB3
 357 0182 01       		.uleb128 0x1
 358 0183 9C       		.byte	0x9c
 359 0184 9B010000 		.4byte	0x19b
 360 0188 0A       		.uleb128 0xa
 361 0189 06000000 		.4byte	.LVL6
 362 018d 23010000 		.4byte	0x123
 363 0191 0A       		.uleb128 0xa
 364 0192 12000000 		.4byte	.LVL7
 365 0196 E3010000 		.4byte	0x1e3
 366 019a 00       		.byte	0
 367 019b 0B       		.uleb128 0xb
 368 019c 69000000 		.4byte	.LASF35
 369 01a0 01       		.byte	0x1
 370 01a1 14       		.byte	0x14
 371 01a2 F0000000 		.4byte	0xf0
 372 01a6 05       		.uleb128 0x5
 373 01a7 03       		.byte	0x3
 374 01a8 00000000 		.4byte	start_pulse_backup
 375 01ac 0C       		.uleb128 0xc
 376 01ad C2000000 		.4byte	.LASF26
 377 01b1 C2000000 		.4byte	.LASF26
 378 01b5 03       		.byte	0x3
 379 01b6 C0       		.byte	0xc0
 380 01b7 0C       		.uleb128 0xc
ARM GAS  C:\Users\PHYSLA~1\AppData\Local\Temp\ccwFgYbG.s 			page 11


 381 01b8 61020000 		.4byte	.LASF27
 382 01bc 61020000 		.4byte	.LASF27
 383 01c0 03       		.byte	0x3
 384 01c1 B3       		.byte	0xb3
 385 01c2 0C       		.uleb128 0xc
 386 01c3 7C000000 		.4byte	.LASF28
 387 01c7 7C000000 		.4byte	.LASF28
 388 01cb 03       		.byte	0x3
 389 01cc BE       		.byte	0xbe
 390 01cd 0C       		.uleb128 0xc
 391 01ce 9A000000 		.4byte	.LASF29
 392 01d2 9A000000 		.4byte	.LASF29
 393 01d6 03       		.byte	0x3
 394 01d7 BA       		.byte	0xba
 395 01d8 0C       		.uleb128 0xc
 396 01d9 11020000 		.4byte	.LASF30
 397 01dd 11020000 		.4byte	.LASF30
 398 01e1 03       		.byte	0x3
 399 01e2 93       		.byte	0x93
 400 01e3 0C       		.uleb128 0xc
 401 01e4 C7020000 		.4byte	.LASF31
 402 01e8 C7020000 		.4byte	.LASF31
 403 01ec 03       		.byte	0x3
 404 01ed DB       		.byte	0xdb
 405 01ee 00       		.byte	0
 406              		.section	.debug_abbrev,"",%progbits
 407              	.Ldebug_abbrev0:
 408 0000 01       		.uleb128 0x1
 409 0001 11       		.uleb128 0x11
 410 0002 01       		.byte	0x1
 411 0003 25       		.uleb128 0x25
 412 0004 0E       		.uleb128 0xe
 413 0005 13       		.uleb128 0x13
 414 0006 0B       		.uleb128 0xb
 415 0007 03       		.uleb128 0x3
 416 0008 0E       		.uleb128 0xe
 417 0009 1B       		.uleb128 0x1b
 418 000a 0E       		.uleb128 0xe
 419 000b 55       		.uleb128 0x55
 420 000c 17       		.uleb128 0x17
 421 000d 11       		.uleb128 0x11
 422 000e 01       		.uleb128 0x1
 423 000f 10       		.uleb128 0x10
 424 0010 17       		.uleb128 0x17
 425 0011 00       		.byte	0
 426 0012 00       		.byte	0
 427 0013 02       		.uleb128 0x2
 428 0014 24       		.uleb128 0x24
 429 0015 00       		.byte	0
 430 0016 0B       		.uleb128 0xb
 431 0017 0B       		.uleb128 0xb
 432 0018 3E       		.uleb128 0x3e
 433 0019 0B       		.uleb128 0xb
 434 001a 03       		.uleb128 0x3
 435 001b 0E       		.uleb128 0xe
 436 001c 00       		.byte	0
 437 001d 00       		.byte	0
ARM GAS  C:\Users\PHYSLA~1\AppData\Local\Temp\ccwFgYbG.s 			page 12


 438 001e 03       		.uleb128 0x3
 439 001f 24       		.uleb128 0x24
 440 0020 00       		.byte	0
 441 0021 0B       		.uleb128 0xb
 442 0022 0B       		.uleb128 0xb
 443 0023 3E       		.uleb128 0x3e
 444 0024 0B       		.uleb128 0xb
 445 0025 03       		.uleb128 0x3
 446 0026 08       		.uleb128 0x8
 447 0027 00       		.byte	0
 448 0028 00       		.byte	0
 449 0029 04       		.uleb128 0x4
 450 002a 16       		.uleb128 0x16
 451 002b 00       		.byte	0
 452 002c 03       		.uleb128 0x3
 453 002d 0E       		.uleb128 0xe
 454 002e 3A       		.uleb128 0x3a
 455 002f 0B       		.uleb128 0xb
 456 0030 3B       		.uleb128 0x3b
 457 0031 05       		.uleb128 0x5
 458 0032 49       		.uleb128 0x49
 459 0033 13       		.uleb128 0x13
 460 0034 00       		.byte	0
 461 0035 00       		.byte	0
 462 0036 05       		.uleb128 0x5
 463 0037 35       		.uleb128 0x35
 464 0038 00       		.byte	0
 465 0039 49       		.uleb128 0x49
 466 003a 13       		.uleb128 0x13
 467 003b 00       		.byte	0
 468 003c 00       		.byte	0
 469 003d 06       		.uleb128 0x6
 470 003e 13       		.uleb128 0x13
 471 003f 01       		.byte	0x1
 472 0040 0B       		.uleb128 0xb
 473 0041 0B       		.uleb128 0xb
 474 0042 3A       		.uleb128 0x3a
 475 0043 0B       		.uleb128 0xb
 476 0044 3B       		.uleb128 0x3b
 477 0045 0B       		.uleb128 0xb
 478 0046 01       		.uleb128 0x1
 479 0047 13       		.uleb128 0x13
 480 0048 00       		.byte	0
 481 0049 00       		.byte	0
 482 004a 07       		.uleb128 0x7
 483 004b 0D       		.uleb128 0xd
 484 004c 00       		.byte	0
 485 004d 03       		.uleb128 0x3
 486 004e 0E       		.uleb128 0xe
 487 004f 3A       		.uleb128 0x3a
 488 0050 0B       		.uleb128 0xb
 489 0051 3B       		.uleb128 0x3b
 490 0052 0B       		.uleb128 0xb
 491 0053 49       		.uleb128 0x49
 492 0054 13       		.uleb128 0x13
 493 0055 38       		.uleb128 0x38
 494 0056 0B       		.uleb128 0xb
ARM GAS  C:\Users\PHYSLA~1\AppData\Local\Temp\ccwFgYbG.s 			page 13


 495 0057 00       		.byte	0
 496 0058 00       		.byte	0
 497 0059 08       		.uleb128 0x8
 498 005a 16       		.uleb128 0x16
 499 005b 00       		.byte	0
 500 005c 03       		.uleb128 0x3
 501 005d 0E       		.uleb128 0xe
 502 005e 3A       		.uleb128 0x3a
 503 005f 0B       		.uleb128 0xb
 504 0060 3B       		.uleb128 0x3b
 505 0061 0B       		.uleb128 0xb
 506 0062 49       		.uleb128 0x49
 507 0063 13       		.uleb128 0x13
 508 0064 00       		.byte	0
 509 0065 00       		.byte	0
 510 0066 09       		.uleb128 0x9
 511 0067 2E       		.uleb128 0x2e
 512 0068 01       		.byte	0x1
 513 0069 3F       		.uleb128 0x3f
 514 006a 19       		.uleb128 0x19
 515 006b 03       		.uleb128 0x3
 516 006c 0E       		.uleb128 0xe
 517 006d 3A       		.uleb128 0x3a
 518 006e 0B       		.uleb128 0xb
 519 006f 3B       		.uleb128 0x3b
 520 0070 0B       		.uleb128 0xb
 521 0071 27       		.uleb128 0x27
 522 0072 19       		.uleb128 0x19
 523 0073 11       		.uleb128 0x11
 524 0074 01       		.uleb128 0x1
 525 0075 12       		.uleb128 0x12
 526 0076 06       		.uleb128 0x6
 527 0077 40       		.uleb128 0x40
 528 0078 18       		.uleb128 0x18
 529 0079 9742     		.uleb128 0x2117
 530 007b 19       		.uleb128 0x19
 531 007c 01       		.uleb128 0x1
 532 007d 13       		.uleb128 0x13
 533 007e 00       		.byte	0
 534 007f 00       		.byte	0
 535 0080 0A       		.uleb128 0xa
 536 0081 898201   		.uleb128 0x4109
 537 0084 00       		.byte	0
 538 0085 11       		.uleb128 0x11
 539 0086 01       		.uleb128 0x1
 540 0087 31       		.uleb128 0x31
 541 0088 13       		.uleb128 0x13
 542 0089 00       		.byte	0
 543 008a 00       		.byte	0
 544 008b 0B       		.uleb128 0xb
 545 008c 34       		.uleb128 0x34
 546 008d 00       		.byte	0
 547 008e 03       		.uleb128 0x3
 548 008f 0E       		.uleb128 0xe
 549 0090 3A       		.uleb128 0x3a
 550 0091 0B       		.uleb128 0xb
 551 0092 3B       		.uleb128 0x3b
ARM GAS  C:\Users\PHYSLA~1\AppData\Local\Temp\ccwFgYbG.s 			page 14


 552 0093 0B       		.uleb128 0xb
 553 0094 49       		.uleb128 0x49
 554 0095 13       		.uleb128 0x13
 555 0096 02       		.uleb128 0x2
 556 0097 18       		.uleb128 0x18
 557 0098 00       		.byte	0
 558 0099 00       		.byte	0
 559 009a 0C       		.uleb128 0xc
 560 009b 2E       		.uleb128 0x2e
 561 009c 00       		.byte	0
 562 009d 3F       		.uleb128 0x3f
 563 009e 19       		.uleb128 0x19
 564 009f 3C       		.uleb128 0x3c
 565 00a0 19       		.uleb128 0x19
 566 00a1 6E       		.uleb128 0x6e
 567 00a2 0E       		.uleb128 0xe
 568 00a3 03       		.uleb128 0x3
 569 00a4 0E       		.uleb128 0xe
 570 00a5 3A       		.uleb128 0x3a
 571 00a6 0B       		.uleb128 0xb
 572 00a7 3B       		.uleb128 0x3b
 573 00a8 0B       		.uleb128 0xb
 574 00a9 00       		.byte	0
 575 00aa 00       		.byte	0
 576 00ab 00       		.byte	0
 577              		.section	.debug_aranges,"",%progbits
 578 0000 34000000 		.4byte	0x34
 579 0004 0200     		.2byte	0x2
 580 0006 00000000 		.4byte	.Ldebug_info0
 581 000a 04       		.byte	0x4
 582 000b 00       		.byte	0
 583 000c 0000     		.2byte	0
 584 000e 0000     		.2byte	0
 585 0010 00000000 		.4byte	.LFB0
 586 0014 20000000 		.4byte	.LFE0-.LFB0
 587 0018 00000000 		.4byte	.LFB1
 588 001c 20000000 		.4byte	.LFE1-.LFB1
 589 0020 00000000 		.4byte	.LFB2
 590 0024 0C000000 		.4byte	.LFE2-.LFB2
 591 0028 00000000 		.4byte	.LFB3
 592 002c 18000000 		.4byte	.LFE3-.LFB3
 593 0030 00000000 		.4byte	0
 594 0034 00000000 		.4byte	0
 595              		.section	.debug_ranges,"",%progbits
 596              	.Ldebug_ranges0:
 597 0000 00000000 		.4byte	.LFB0
 598 0004 20000000 		.4byte	.LFE0
 599 0008 00000000 		.4byte	.LFB1
 600 000c 20000000 		.4byte	.LFE1
 601 0010 00000000 		.4byte	.LFB2
 602 0014 0C000000 		.4byte	.LFE2
 603 0018 00000000 		.4byte	.LFB3
 604 001c 18000000 		.4byte	.LFE3
 605 0020 00000000 		.4byte	0
 606 0024 00000000 		.4byte	0
 607              		.section	.debug_line,"",%progbits
 608              	.Ldebug_line0:
ARM GAS  C:\Users\PHYSLA~1\AppData\Local\Temp\ccwFgYbG.s 			page 15


 609 0000 B6000000 		.section	.debug_str,"MS",%progbits,1
 609      02005C00 
 609      00000201 
 609      FB0E0D00 
 609      01010101 
 610              	.LASF34:
 611 0000 453A5C4A 		.ascii	"E:\\JP Shutter Driver\\shutter_controller.cydsn\000"
 611      50205368 
 611      75747465 
 611      72204472 
 611      69766572 
 612              	.LASF18:
 613 002e 50574D55 		.ascii	"PWMUdb\000"
 613      646200
 614              	.LASF19:
 615 0035 50574D50 		.ascii	"PWMPeriod\000"
 615      6572696F 
 615      6400
 616              	.LASF3:
 617 003f 73686F72 		.ascii	"short unsigned int\000"
 617      7420756E 
 617      7369676E 
 617      65642069 
 617      6E7400
 618              	.LASF22:
 619 0052 73746172 		.ascii	"start_pulse_SaveConfig\000"
 619      745F7075 
 619      6C73655F 
 619      53617665 
 619      436F6E66 
 620              	.LASF35:
 621 0069 73746172 		.ascii	"start_pulse_backup\000"
 621      745F7075 
 621      6C73655F 
 621      6261636B 
 621      757000
 622              	.LASF28:
 623 007c 73746172 		.ascii	"start_pulse_WritePeriod\000"
 623      745F7075 
 623      6C73655F 
 623      57726974 
 623      65506572 
 624              	.LASF11:
 625 0094 666C6F61 		.ascii	"float\000"
 625      7400
 626              	.LASF29:
 627 009a 73746172 		.ascii	"start_pulse_WriteCounter\000"
 627      745F7075 
 627      6C73655F 
 627      57726974 
 627      65436F75 
 628              	.LASF17:
 629 00b3 50574D45 		.ascii	"PWMEnableState\000"
 629      6E61626C 
 629      65537461 
 629      746500
 630              	.LASF26:
ARM GAS  C:\Users\PHYSLA~1\AppData\Local\Temp\ccwFgYbG.s 			page 16


 631 00c2 73746172 		.ascii	"start_pulse_ReadPeriod\000"
 631      745F7075 
 631      6C73655F 
 631      52656164 
 631      50657269 
 632              	.LASF5:
 633 00d9 6C6F6E67 		.ascii	"long unsigned int\000"
 633      20756E73 
 633      69676E65 
 633      6420696E 
 633      7400
 634              	.LASF9:
 635 00eb 75696E74 		.ascii	"uint8\000"
 635      3800
 636              	.LASF1:
 637 00f1 756E7369 		.ascii	"unsigned char\000"
 637      676E6564 
 637      20636861 
 637      7200
 638              	.LASF25:
 639 00ff 73746172 		.ascii	"start_pulse_Wakeup\000"
 639      745F7075 
 639      6C73655F 
 639      57616B65 
 639      757000
 640              	.LASF12:
 641 0112 646F7562 		.ascii	"double\000"
 641      6C6500
 642              	.LASF33:
 643 0119 47656E65 		.ascii	"Generated_Source\\PSoC4\\start_pulse_PM.c\000"
 643      72617465 
 643      645F536F 
 643      75726365 
 643      5C50536F 
 644              	.LASF10:
 645 0141 75696E74 		.ascii	"uint16\000"
 645      313600
 646              	.LASF24:
 647 0148 73746172 		.ascii	"start_pulse_Sleep\000"
 647      745F7075 
 647      6C73655F 
 647      536C6565 
 647      7000
 648              	.LASF8:
 649 015a 756E7369 		.ascii	"unsigned int\000"
 649      676E6564 
 649      20696E74 
 649      00
 650              	.LASF7:
 651 0167 6C6F6E67 		.ascii	"long long unsigned int\000"
 651      206C6F6E 
 651      6720756E 
 651      7369676E 
 651      65642069 
 652              	.LASF32:
 653 017e 474E5520 		.ascii	"GNU C11 5.4.1 20160609 (release) [ARM/embedded-5-br"
 653      43313120 
ARM GAS  C:\Users\PHYSLA~1\AppData\Local\Temp\ccwFgYbG.s 			page 17


 653      352E342E 
 653      31203230 
 653      31363036 
 654 01b1 616E6368 		.ascii	"anch revision 237715] -mcpu=cortex-m0 -mthumb -g -O"
 654      20726576 
 654      6973696F 
 654      6E203233 
 654      37373135 
 655 01e4 67202D66 		.ascii	"g -ffunction-sections -ffat-lto-objects\000"
 655      66756E63 
 655      74696F6E 
 655      2D736563 
 655      74696F6E 
 656              	.LASF14:
 657 020c 72656738 		.ascii	"reg8\000"
 657      00
 658              	.LASF30:
 659 0211 73746172 		.ascii	"start_pulse_Stop\000"
 659      745F7075 
 659      6C73655F 
 659      53746F70 
 659      00
 660              	.LASF16:
 661 0222 73697A65 		.ascii	"sizetype\000"
 661      74797065 
 661      00
 662              	.LASF6:
 663 022b 6C6F6E67 		.ascii	"long long int\000"
 663      206C6F6E 
 663      6720696E 
 663      7400
 664              	.LASF21:
 665 0239 73746172 		.ascii	"start_pulse_backupStruct\000"
 665      745F7075 
 665      6C73655F 
 665      6261636B 
 665      75705374 
 666              	.LASF13:
 667 0252 63686172 		.ascii	"char\000"
 667      00
 668              	.LASF2:
 669 0257 73686F72 		.ascii	"short int\000"
 669      7420696E 
 669      7400
 670              	.LASF27:
 671 0261 73746172 		.ascii	"start_pulse_ReadCounter\000"
 671      745F7075 
 671      6C73655F 
 671      52656164 
 671      436F756E 
 672              	.LASF4:
 673 0279 6C6F6E67 		.ascii	"long int\000"
 673      20696E74 
 673      00
 674              	.LASF15:
 675 0282 6C6F6E67 		.ascii	"long double\000"
 675      20646F75 
ARM GAS  C:\Users\PHYSLA~1\AppData\Local\Temp\ccwFgYbG.s 			page 18


 675      626C6500 
 676              	.LASF0:
 677 028e 7369676E 		.ascii	"signed char\000"
 677      65642063 
 677      68617200 
 678              	.LASF23:
 679 029a 73746172 		.ascii	"start_pulse_RestoreConfig\000"
 679      745F7075 
 679      6C73655F 
 679      52657374 
 679      6F726543 
 680              	.LASF20:
 681 02b4 496E7465 		.ascii	"InterruptMaskValue\000"
 681      72727570 
 681      744D6173 
 681      6B56616C 
 681      756500
 682              	.LASF31:
 683 02c7 73746172 		.ascii	"start_pulse_Enable\000"
 683      745F7075 
 683      6C73655F 
 683      456E6162 
 683      6C6500
 684              		.ident	"GCC: (GNU Tools for ARM Embedded Processors) 5.4.1 20160609 (release) [ARM/embedded-5-bran
