#***************************************************************************

#sjplacer

#Version:            1.1

#Build Date:         Dec  5 2017 15:35:27

#File Generated:     Dec 19 2019 14:50:29

#Purpose:            

#Copyright (C) 2010-2011 by Softjin Technologies Pvt Ltd. All rights reserved.

#***************************************************************************

Executing : C:\Program Files (x86)\Cypress\PSoC Creator\4.2\PSoC Creator\bin/sjplacer.exe --proj-name shutter_controller --netlist-vh2 shutter_controller_p.vh2 --arch p4_udb2x2a --arch-file C:\Program Files (x86)\Cypress\PSoC Creator\4.2\PSoC Creator\dev\arch/udbdsi_2x2_04.cydata --ip-file C:\Program Files (x86)\Cypress\PSoC Creator\4.2\PSoC Creator\dev\psoc4/psoc4a/ip_blocks.cydata --rrg-file C:\Program Files (x86)\Cypress\PSoC Creator\4.2\PSoC Creator\dev\psoc4/psoc4a/route_arch-rrg.cydata --irq-file C:\Program Files (x86)\Cypress\PSoC Creator\4.2\PSoC Creator\dev\psoc4/psoc4a/irqconn.cydata --dsi-conn-file C:\Program Files (x86)\Cypress\PSoC Creator\4.2\PSoC Creator\dev\psoc4/psoc4a/dsiconn.cydata --pins-file pins_44-TQFP.xml --lib-file shutter_controller_p.lib --sdc-file shutter_controller.sdc --io-pcf shutter_controller.pci --outdir .

		Softjin Techologies Placer, Version 1.1

Build Date : Dec  5 2017	15:33:41

D2004: Option and Settings Summary
=============================================================
Netlist vh2 file          - shutter_controller_p.vh2
Architecture file         - C:\Program Files (x86)\Cypress\PSoC Creator\4.2\PSoC Creator\dev\arch/udbdsi_2x2_04.cydata
Package                   - 
Defparam file             - 
SDC file                  - shutter_controller.sdc
Output directory          - .
Timing library            - shutter_controller_p.lib
IO Placement file         - shutter_controller.pci

D2050: Starting reading inputs for placer
=============================================================
D2065: Reading netlist file : "shutter_controller_p.vh2"
D2065: Reading arch file : "C:\Program Files (x86)\Cypress\PSoC Creator\4.2\PSoC Creator\dev\arch/udbdsi_2x2_04.cydata"
D2051: Reading of inputs for placer completed successfully

D2053: Starting placement of the design
=============================================================

Phase 2
Phase 3

Design Statistics after Packing
    Number of Combinational MCs 	:	8
    Number of Sequential MCs    	:	9
    Number of DPs               	:	4
    Number of Controls          	:	0
    Number of Status            	:	2
    Number of SyncCells         	:	0
    Number of count7cells       	:	0

Device Utilization Summary after Packing
    Macrocells                  :	17/32
    UDBS                        :	4/4
    IOs                         :	9/36


D2088: Phase 3, elapsed time : 0.0 (sec)

Phase 4
D2088: Phase 4, elapsed time : 0.0 (sec)

Phase 6

######################################################################
Placement Timing Summary

The timing summary is based on estimated routing delays after
placement. For final timing report, please carry out the timing
analysis after routing.
======================================================================

######################################################################
                     Clock Summary 
======================================================================
Number of clocks: 9
Clock: CyHFClk              | Frequency:  38.3 MHz | Target:  24.0 MHz
Clock: CyILO                | Frequency: N/A       | Target:   0.0 MHz
Clock: CyIMO                | Frequency: N/A       | Target:  24.0 MHz
Clock: CyLFClk              | Frequency: N/A       | Target:   0.0 MHz
Clock: CyRouted1            | Frequency: N/A       | Target:  24.0 MHz
Clock: CySysClk             | Frequency: N/A       | Target:  24.0 MHz
Clock: HS_Clock             | Frequency:  38.3 MHz | Target:  12.0 MHz
Clock: microsecond_clock    | Frequency:  41.7 MHz | Target:   1.0 MHz
Clock: microsecond_clock_1  | Frequency:  38.3 MHz | Target:   1.0 MHz

======================================================================
                     End of Clock Summary
######################################################################

D2088: Phase 6, elapsed time : 0.0 (sec)

Phase 7
######################################################################
                     Clock Summary 
======================================================================
Number of clocks: 9
Clock: CyHFClk              | Frequency:  38.3 MHz | Target:  24.0 MHz
Clock: CyILO                | Frequency: N/A       | Target:   0.0 MHz
Clock: CyIMO                | Frequency: N/A       | Target:  24.0 MHz
Clock: CyLFClk              | Frequency: N/A       | Target:   0.0 MHz
Clock: CyRouted1            | Frequency: N/A       | Target:  24.0 MHz
Clock: CySysClk             | Frequency: N/A       | Target:  24.0 MHz
Clock: HS_Clock             | Frequency:  38.3 MHz | Target:  12.0 MHz
Clock: microsecond_clock    | Frequency:  41.7 MHz | Target:   1.0 MHz
Clock: microsecond_clock_1  | Frequency:  38.3 MHz | Target:   1.0 MHz

======================================================================
                     End of Clock Summary
######################################################################
D2088: Phase 7, elapsed time : 0.1 (sec)

Final Design Statistics
    Number of Combinational MCs 	:	8
    Number of Sequential MCs    	:	9
    Number of DPs               	:	4
    Number of Controls          	:	0
    Number of Status            	:	2
    Number of SyncCells         	:	0
    Number of count7cells       	:	0
    Number of IOs       	:	9

Device Utilization Summary
    Macrocells                  :	17/32
    IOs                         :	9/36



######################################################################
Placement Timing Summary

The timing summary is based on estimated routing delays after
placement. For final timing report, please carry out the timing
analysis after routing.
======================================================================


######################################################################
                     Clock Summary 
======================================================================
Number of clocks: 9
Clock: CyHFClk              | Frequency:  38.3 MHz | Target:  26.3 MHz
Clock: CyILO                | Frequency: N/A       | Target:   0.0 MHz
Clock: CyIMO                | Frequency: N/A       | Target:  24.0 MHz
Clock: CyLFClk              | Frequency: N/A       | Target:   0.0 MHz
Clock: CyRouted1            | Frequency: N/A       | Target:  24.0 MHz
Clock: CySysClk             | Frequency: N/A       | Target:  24.0 MHz
Clock: HS_Clock             | Frequency:  38.3 MHz | Target:  13.2 MHz
Clock: microsecond_clock    | Frequency:  39.0 MHz | Target:   1.1 MHz
Clock: microsecond_clock_1  | Frequency:  38.3 MHz | Target:   1.1 MHz

======================================================================
                     End of Clock Summary
######################################################################

Phase 8
D2088: Phase 8, elapsed time : 0.0 (sec)

D2054: Placement of the design completed successfully

I2076: Total run-time: 0.3 sec.

